  [1m[35m (0.4ms)[0m  [1m[35mCREATE DATABASE "HelloRails_development" ENCODING = 'unicode'[0m
  [1m[35m (0.4ms)[0m  [1m[35mCREATE DATABASE "HelloRails_test" ENCODING = 'unicode'[0m
Started GET "/" for ::1 at 2023-05-08 19:19:14 +0300
Processing by Rails::WelcomeController#index as HTML
  Rendering /var/lib/gems/3.0.0/gems/railties-7.0.4.3/lib/rails/templates/rails/welcome/index.html.erb
  Rendered /var/lib/gems/3.0.0/gems/railties-7.0.4.3/lib/rails/templates/rails/welcome/index.html.erb (Duration: 1.8ms | Allocations: 932)
Completed 200 OK in 17ms (Views: 6.9ms | ActiveRecord: 0.0ms | Allocations: 7964)


Started GET "/pages/hello" for ::1 at 2023-05-08 20:00:48 +0300
  
ActionController::RoutingError (No route matches [GET] "/pages/hello"):
  
Started GET "/pages/hello" for ::1 at 2023-05-08 20:14:06 +0300
Processing by PagesController#hello as HTML
  Rendering layout layouts/application.html.erb
  Rendering pages/hello.html.erb within layouts/application
  Rendered pages/hello.html.erb within layouts/application (Duration: 0.6ms | Allocations: 138)
  Rendered layout layouts/application.html.erb (Duration: 290.5ms | Allocations: 96536)
Completed 200 OK in 297ms (Views: 292.5ms | Allocations: 100555)


Started GET "/" for ::1 at 2023-05-08 20:14:58 +0300
  
ArgumentError (Missing :controller key on routes definition, please check your routes.):
  
config/routes.rb:2:in `block in <main>'
config/routes.rb:1:in `<main>'
Started GET "/pages/hello" for ::1 at 2023-05-08 20:15:30 +0300
Processing by PagesController#hello as HTML
  Rendering layout layouts/application.html.erb
  Rendering pages/hello.html.erb within layouts/application
  Rendered pages/hello.html.erb within layouts/application (Duration: 0.1ms | Allocations: 12)
  Rendered layout layouts/application.html.erb (Duration: 23.0ms | Allocations: 14032)
Completed 200 OK in 25ms (Views: 24.8ms | Allocations: 14889)


Started GET "/" for ::1 at 2023-05-08 20:16:11 +0300
  
ArgumentError (Missing :controller key on routes definition, please check your routes.):
  
config/routes.rb:2:in `block in <main>'
config/routes.rb:1:in `<main>'
Started GET "/" for ::1 at 2023-05-08 20:16:43 +0300
Processing by PagesController#hello as HTML
  Rendering layout layouts/application.html.erb
  Rendering pages/hello.html.erb within layouts/application
  Rendered pages/hello.html.erb within layouts/application (Duration: 0.1ms | Allocations: 12)
  Rendered layout layouts/application.html.erb (Duration: 19.0ms | Allocations: 14008)
Completed 200 OK in 21ms (Views: 20.2ms | Allocations: 14866)


